\BOOKMARK [0][-]{Doc-Start}{\376\377\000I\000n\000f\000o\000r\000m\000a\000\347\000\365\000e\000s\000\040\000G\000e\000r\000a\000i\000s\000\040\000d\000o\000\040\000P\000r\000o\000j\000e\000t\000o}{}% 1
\BOOKMARK [0][-]{Doc-Start}{\376\377\000R\000e\000s\000u\000m\000o}{}% 2
\BOOKMARK [0][-]{Doc-Start}{\376\377\000A\000b\000s\000t\000r\000a\000c\000t}{}% 3
\BOOKMARK [0][-]{chapter.1}{\376\377\000I\000n\000t\000r\000o\000d\000u\000\347\000\343\000o}{}% 4
\BOOKMARK [1][-]{section.1.1}{\376\377\000T\000r\000a\000n\000s\000f\000o\000r\000m\000a\000\347\000\343\000o\000\040\000d\000i\000g\000i\000t\000a\000l\000\040\000e\000\040\000I\000n\000d\000\372\000s\000t\000r\000i\000a\000\040\0004\000.\0000}{chapter.1}% 5
\BOOKMARK [1][-]{section.1.2}{\376\377\000A\000r\000q\000u\000i\000t\000e\000t\000u\000r\000a\000s\000\040\000d\000i\000g\000i\000t\000a\000i\000s\000\040\000e\000\040\000t\000r\000a\000n\000s\000f\000o\000r\000m\000a\000\347\000\343\000o\000\040\000d\000i\000g\000i\000t\000a\000l}{chapter.1}% 6
\BOOKMARK [1][-]{section.1.3}{\376\377\000T\000r\000a\000n\000s\000f\000o\000r\000m\000a\000\347\000\343\000o\000\040\000d\000i\000g\000i\000t\000a\000l\000\040\000e\000m\000\040\000p\000e\000q\000u\000e\000n\000a\000s\000\040\000e\000\040\000m\000\351\000d\000i\000a\000s\000\040\000e\000m\000p\000r\000e\000s\000a\000s}{chapter.1}% 7
\BOOKMARK [0][-]{chapter.2}{\376\377\000A\000t\000i\000v\000i\000d\000a\000d\000e\000s\000\040\000r\000e\000a\000l\000i\000z\000a\000d\000a\000s\000\040\000n\000o\000\040\000p\000e\000r\000\355\000o\000d\000o}{}% 8
\BOOKMARK [1][-]{section.2.1}{\376\377\000P\000r\000o\000j\000e\000t\000o\000\040\0001}{chapter.2}% 9
\BOOKMARK [2][-]{subsection.2.1.1}{\376\377\000F\000r\000e\000n\000t\000e\000\040\000A}{section.2.1}% 10
\BOOKMARK [2][-]{subsection.2.1.2}{\376\377\000F\000r\000e\000n\000t\000e\000\040\000B}{section.2.1}% 11
\BOOKMARK [2][-]{subsection.2.1.3}{\376\377\000F\000r\000e\000n\000t\000e\000\040\000C}{section.2.1}% 12
\BOOKMARK [1][-]{section.2.2}{\376\377\000P\000r\000o\000j\000e\000t\000o\000\040\0002}{chapter.2}% 13
\BOOKMARK [1][-]{section.2.3}{\376\377\000E\000v\000e\000n\000t\000o\000s}{chapter.2}% 14
\BOOKMARK [2][-]{subsection.2.3.1}{\376\377\000P\000a\000r\000t\000i\000c\000i\000p\000a\000\347\000\343\000o\000\040\000e\000m\000\040\000E\000v\000e\000n\000t\000o\000s}{section.2.3}% 15
\BOOKMARK [2][-]{subsection.2.3.2}{\376\377\000E\000v\000e\000n\000t\000o\000s\000\040\000O\000r\000g\000a\000n\000i\000z\000a\000d\000o\000s\000\040\000p\000e\000l\000o\000\040\000P\000r\000o\000j\000e\000t\000o}{section.2.3}% 16
\BOOKMARK [0][-]{chapter.3}{\376\377\000P\000l\000a\000n\000e\000j\000a\000m\000e\000n\000t\000o\000\040\000d\000e\000\040\000a\000t\000i\000v\000i\000d\000a\000d\000e\000s}{}% 17
\BOOKMARK [0][-]{chapter.4}{\376\377\000P\000r\000o\000d\000u\000\347\000\343\000o\000\040\000c\000i\000e\000n\000t\000\355\000f\000i\000c\000a}{}% 18
\BOOKMARK [1][-]{section.4.1}{\376\377\000O\000r\000i\000e\000n\000t\000a\000\347\000\365\000e\000s}{chapter.4}% 19
\BOOKMARK [1][-]{section.4.2}{\376\377\000P\000u\000b\000l\000i\000c\000a\000\347\000\365\000e\000s\000\040\000e\000\040\000e\000d\000i\000\347\000\365\000e\000s}{chapter.4}% 20
\BOOKMARK [1][-]{section.4.3}{\376\377\000P\000r\000\352\000m\000i\000o\000s\000\040\000r\000e\000c\000e\000b\000i\000d\000o\000s}{chapter.4}% 21
\BOOKMARK [0][-]{chapter.5}{\376\377\000C\000o\000n\000c\000l\000u\000s\000\343\000o}{}% 22
\BOOKMARK [0][-]{chapter*.4}{\376\377\000R\000e\000f\000e\000r\000\352\000n\000c\000i\000a\000s}{}% 23
\BOOKMARK [0][-]{chapter*.5}{\376\377\000A\000P\000\312\000N\000D\000I\000C\000E\000\040\000A\000\040\040\023\000\040\000L\000i\000s\000t\000a\000\040\000d\000e\000\040\000o\000r\000i\000e\000n\000t\000a\000\347\000\365\000e\000s\000\040\000c\000o\000n\000c\000l\000u\000\355\000d\000a\000s\000\040\000a\000\040\000n\000\355\000v\000e\000l\000\040\000d\000e\000\040\000P\000\363\000s\000-\000g\000r\000a\000d\000u\000a\000\347\000\343\000o\000\040\000d\000o\000s\000\040\000p\000e\000s\000q\000u\000i\000s\000a\000d\000o\000r\000e\000s\000\040\000p\000r\000i\000n\000c\000i\000p\000a\000i\000s}{}% 24
\BOOKMARK [0][-]{chapter*.6}{\376\377\000A\000P\000\312\000N\000D\000I\000C\000E\000\040\000B\000\040\040\023\000\040\000L\000i\000s\000t\000a\000\040\000d\000e\000\040\000o\000r\000i\000e\000n\000t\000a\000\347\000\365\000e\000s\000\040\000c\000o\000n\000c\000l\000u\000\355\000d\000a\000s\000\040\000a\000\040\000n\000\355\000v\000e\000l\000\040\000d\000e\000\040\000P\000\363\000s\000-\000g\000r\000a\000d\000u\000a\000\347\000\343\000o\000\040\000d\000o\000s\000\040\000p\000e\000s\000q\000u\000i\000s\000a\000d\000o\000r\000e\000s\000\040\000a\000s\000s\000o\000c\000i\000a\000d\000o\000s}{}% 25
\BOOKMARK [0][-]{chapter*.7}{\376\377\000A\000P\000\312\000N\000D\000I\000C\000E\000\040\000C\000\040\040\023\000\040\000L\000i\000s\000t\000a\000\040\000d\000e\000\040\000p\000u\000b\000l\000i\000c\000a\000\347\000\365\000e\000s}{}% 26
\BOOKMARK [1][-]{section.5.1}{\376\377\000A\000r\000t\000i\000g\000o\000s\000\040\000e\000m\000\040\000p\000e\000r\000i\000\363\000d\000i\000c\000o\000s\000\040\000n\000a\000c\000i\000o\000n\000a\000i\000s}{chapter*.7}% 27
\BOOKMARK [1][-]{section.5.2}{\376\377\000A\000r\000t\000i\000g\000o\000s\000\040\000e\000m\000\040\000p\000e\000r\000i\000\363\000d\000i\000c\000o\000s\000\040\000i\000n\000t\000e\000r\000n\000a\000c\000i\000o\000n\000a\000i\000s}{chapter*.7}% 28
\BOOKMARK [1][-]{section.5.3}{\376\377\000A\000r\000t\000i\000g\000o\000s\000\040\000e\000m\000\040\000c\000o\000n\000g\000r\000e\000s\000s\000o\000s\000\040\000n\000a\000c\000i\000o\000n\000a\000i\000s\000\040\000c\000o\000m\000p\000l\000e\000t\000o\000s}{chapter*.7}% 29
\BOOKMARK [1][-]{section.5.4}{\376\377\000A\000r\000t\000i\000g\000o\000s\000\040\000e\000m\000\040\000c\000o\000n\000g\000r\000e\000s\000s\000o\000s\000\040\000i\000n\000t\000e\000r\000n\000a\000c\000i\000o\000n\000a\000i\000s\000\040\000c\000o\000m\000p\000l\000e\000t\000o\000s}{chapter*.7}% 30
\BOOKMARK [1][-]{section.5.5}{\376\377\000C\000a\000p\000\355\000t\000u\000l\000o\000s\000\040\000d\000e\000\040\000L\000i\000v\000r\000o\000s}{chapter*.7}% 31
\BOOKMARK [1][-]{section.5.6}{\376\377\000L\000i\000v\000r\000o\000s}{chapter*.7}% 32
\BOOKMARK [0][-]{chapter*.8}{\376\377\000A\000N\000E\000X\000O\000\040\000A\000\040\040\023\000\040\000R\000e\000l\000a\000t\000\363\000r\000i\000o\000s\000\040\000S\000i\000n\000t\000\351\000t\000i\000c\000o\000s\000\040\000d\000o\000s\000\040\000B\000o\000l\000s\000i\000s\000t\000a\000s}{}% 33
\BOOKMARK [1][-]{section.5.7}{\376\377\000A\000n\000a\000\040\000J\000\372\000l\000i\000a\000\040\000-\000\040\000B\000o\000l\000s\000i\000s\000t\000a\000\040\000d\000e\000\040\000I\000C\000\040\000-\000\040\000T\000e\000m\000a\000\040\000d\000e\000\040\000I\000C}{chapter*.8}% 34
\BOOKMARK [2][-]{subsection.5.7.1}{\376\377\000S\000u\000b\000s\000e\000\347\000\343\000o\000\040\000d\000e\000t\000a\000l\000h\000a\000d\000a\000\040\000d\000e\000\040\000A\000n\000a\000\040\000J\000\372\000l\000i\000a\000\040\000\050\000c\000a\000s\000o\000\040\000p\000r\000e\000c\000i\000s\000e\000\051}{section.5.7}% 35
\BOOKMARK [1][-]{section.5.8}{\376\377\000J\000o\000\343\000o\000\040\000A\000n\000t\000\364\000n\000i\000o\000\040\000-\000\040\000B\000o\000l\000s\000i\000s\000t\000a\000\040\000d\000e\000\040\000P\000D\000\040\000-\000\040\000T\000e\000m\000a\000\040\000d\000e\000\040\000P\000D}{chapter*.8}% 36
